# JRE version: Java(TM) SE Runtime Environment (8.0_25-b17) (build 1.8.0_25-b17)
# Java VM: Java HotSpot(TM) 64-Bit Server VM (25.25-b02 mixed mode linux-amd64 compressed oops)
Heap:
 PSYoungGen      total 136192K, used 6950K [0x00000000eab00000, 0x00000000f3b00000, 0x0000000100000000)
  eden space 125952K, 0% used [0x00000000eab00000,0x00000000eab00000,0x00000000f2600000)
  from space 10240K, 67% used [0x00000000f2600000,0x00000000f2cc9bc8,0x00000000f3000000)
  to   space 9216K, 0% used [0x00000000f3000000,0x00000000f3000000,0x00000000f3900000)
 ParOldGen       total 42496K, used 24124K [0x00000000c0000000, 0x00000000c2980000, 0x00000000eab00000)
  object space 42496K, 56% used [0x00000000c0000000,0x00000000c178f108,0x00000000c2980000)
 Metaspace       used 7185K, capacity 7498K, committed 7680K, reserved 1056768K
  class space    used 752K, capacity 757K, committed 768K, reserved 1048576K
GC Heap History (10 events):
Event: 1,431 GC heap after
Heap after GC invocations=4 (full 0):
 PSYoungGen      total 34304K, used 2502K [0x00000000eab00000, 0x00000000ecf00000, 0x0000000100000000)
  eden space 31744K, 0% used [0x00000000eab00000,0x00000000eab00000,0x00000000eca00000)
  from space 2560K, 97% used [0x00000000ecc80000,0x00000000ecef1a10,0x00000000ecf00000)
  to   space 2560K, 0% used [0x00000000eca00000,0x00000000eca00000,0x00000000ecc80000)
 ParOldGen       total 42496K, used 9040K [0x00000000c0000000, 0x00000000c2980000, 0x00000000eab00000)
  object space 42496K, 21% used [0x00000000c0000000,0x00000000c08d41e0,0x00000000c2980000)
 Metaspace       used 7037K, capacity 7492K, committed 7680K, reserved 1056768K
  class space    used 743K, capacity 756K, committed 768K, reserved 1048576K
}
Event: 1,514 GC heap before
{Heap before GC invocations=5 (full 0):
 PSYoungGen      total 34304K, used 34246K [0x00000000eab00000, 0x00000000ecf00000, 0x0000000100000000)
  eden space 31744K, 100% used [0x00000000eab00000,0x00000000eca00000,0x00000000eca00000)
  from space 2560K, 97% used [0x00000000ecc80000,0x00000000ecef1a10,0x00000000ecf00000)
  to   space 2560K, 0% used [0x00000000eca00000,0x00000000eca00000,0x00000000ecc80000)
 ParOldGen       total 42496K, used 9040K [0x00000000c0000000, 0x00000000c2980000, 0x00000000eab00000)
  object space 42496K, 21% used [0x00000000c0000000,0x00000000c08d41e0,0x00000000c2980000)
 Metaspace       used 7055K, capacity 7492K, committed 7680K, reserved 1056768K
  class space    used 743K, capacity 756K, committed 768K, reserved 1048576K
Event: 1,524 GC heap after
Heap after GC invocations=5 (full 0):
 PSYoungGen      total 34304K, used 2537K [0x00000000eab00000, 0x00000000ef800000, 0x0000000100000000)
  eden space 31744K, 0% used [0x00000000eab00000,0x00000000eab00000,0x00000000eca00000)
  from space 2560K, 99% used [0x00000000eca00000,0x00000000ecc7a438,0x00000000ecc80000)
  to   space 7680K, 0% used [0x00000000ef080000,0x00000000ef080000,0x00000000ef800000)
 ParOldGen       total 42496K, used 12290K [0x00000000c0000000, 0x00000000c2980000, 0x00000000eab00000)
  object space 42496K, 28% used [0x00000000c0000000,0x00000000c0c009c8,0x00000000c2980000)
 Metaspace       used 7055K, capacity 7492K, committed 7680K, reserved 1056768K
  class space    used 743K, capacity 756K, committed 768K, reserved 1048576K
}
Event: 1,601 GC heap before
{Heap before GC invocations=6 (full 0):
 PSYoungGen      total 34304K, used 33601K [0x00000000eab00000, 0x00000000ef800000, 0x0000000100000000)
  eden space 31744K, 97% used [0x00000000eab00000,0x00000000ec956300,0x00000000eca00000)
  from space 2560K, 99% used [0x00000000eca00000,0x00000000ecc7a438,0x00000000ecc80000)
  to   space 7680K, 0% used [0x00000000ef080000,0x00000000ef080000,0x00000000ef800000)
 ParOldGen       total 42496K, used 12290K [0x00000000c0000000, 0x00000000c2980000, 0x00000000eab00000)
  object space 42496K, 28% used [0x00000000c0000000,0x00000000c0c009c8,0x00000000c2980000)
 Metaspace       used 7146K, capacity 7498K, committed 7680K, reserved 1056768K
  class space    used 752K, capacity 757K, committed 768K, reserved 1048576K
Event: 1,610 GC heap after
Heap after GC invocations=6 (full 0):
 PSYoungGen      total 71168K, used 3371K [0x00000000eab00000, 0x00000000ef800000, 0x0000000100000000)
  eden space 63488K, 0% used [0x00000000eab00000,0x00000000eab00000,0x00000000ee900000)
  from space 7680K, 43% used [0x00000000ef080000,0x00000000ef3cad10,0x00000000ef800000)
  to   space 7680K, 0% used [0x00000000ee900000,0x00000000ee900000,0x00000000ef080000)
 ParOldGen       total 42496K, used 12290K [0x00000000c0000000, 0x00000000c2980000, 0x00000000eab00000)
  object space 42496K, 28% used [0x00000000c0000000,0x00000000c0c009c8,0x00000000c2980000)
 Metaspace       used 7146K, capacity 7498K, committed 7680K, reserved 1056768K
  class space    used 752K, capacity 757K, committed 768K, reserved 1048576K
}
Event: 1,751 GC heap before
{Heap before GC invocations=7 (full 0):
 PSYoungGen      total 71168K, used 66859K [0x00000000eab00000, 0x00000000ef800000, 0x0000000100000000)
  eden space 63488K, 100% used [0x00000000eab00000,0x00000000ee900000,0x00000000ee900000)
  from space 7680K, 43% used [0x00000000ef080000,0x00000000ef3cad10,0x00000000ef800000)
  to   space 7680K, 0% used [0x00000000ee900000,0x00000000ee900000,0x00000000ef080000)
 ParOldGen       total 42496K, used 12290K [0x00000000c0000000, 0x00000000c2980000, 0x00000000eab00000)
  object space 42496K, 28% used [0x00000000c0000000,0x00000000c0c009c8,0x00000000c2980000)
 Metaspace       used 7158K, capacity 7498K, committed 7680K, reserved 1056768K
  class space    used 752K, capacity 757K, committed 768K, reserved 1048576K
Event: 1,763 GC heap after
Heap after GC invocations=7 (full 0):
 PSYoungGen      total 71168K, used 7670K [0x00000000eab00000, 0x00000000f3900000, 0x0000000100000000)
  eden space 63488K, 0% used [0x00000000eab00000,0x00000000eab00000,0x00000000ee900000)
  from space 7680K, 99% used [0x00000000ee900000,0x00000000ef07d9d8,0x00000000ef080000)
  to   space 9216K, 0% used [0x00000000f3000000,0x00000000f3000000,0x00000000f3900000)
 ParOldGen       total 42496K, used 13466K [0x00000000c0000000, 0x00000000c2980000, 0x00000000eab00000)
  object space 42496K, 31% used [0x00000000c0000000,0x00000000c0d26b40,0x00000000c2980000)
 Metaspace       used 7158K, capacity 7498K, committed 7680K, reserved 1056768K
  class space    used 752K, capacity 757K, committed 768K, reserved 1048576K
}
Event: 1,887 GC heap before
{Heap before GC invocations=8 (full 0):
 PSYoungGen      total 71168K, used 71158K [0x00000000eab00000, 0x00000000f3900000, 0x0000000100000000)
  eden space 63488K, 100% used [0x00000000eab00000,0x00000000ee900000,0x00000000ee900000)
  from space 7680K, 99% used [0x00000000ee900000,0x00000000ef07d9d8,0x00000000ef080000)
  to   space 9216K, 0% used [0x00000000f3000000,0x00000000f3000000,0x00000000f3900000)
 ParOldGen       total 42496K, used 13466K [0x00000000c0000000, 0x00000000c2980000, 0x00000000eab00000)
  object space 42496K, 31% used [0x00000000c0000000,0x00000000c0d26b40,0x00000000c2980000)
 Metaspace       used 7173K, capacity 7498K, committed 7680K, reserved 1056768K
  class space    used 752K, capacity 757K, committed 768K, reserved 1048576K
Event: 1,906 GC heap after
Heap after GC invocations=8 (full 0):
 PSYoungGen      total 135168K, used 8348K [0x00000000eab00000, 0x00000000f3b00000, 0x0000000100000000)
  eden space 125952K, 0% used [0x00000000eab00000,0x00000000eab00000,0x00000000f2600000)
  from space 9216K, 90% used [0x00000000f3000000,0x00000000f3827090,0x00000000f3900000)
  to   space 10240K, 0% used [0x00000000f2600000,0x00000000f2600000,0x00000000f3000000)
 ParOldGen       total 42496K, used 18362K [0x00000000c0000000, 0x00000000c2980000, 0x00000000eab00000)
  object space 42496K, 43% used [0x00000000c0000000,0x00000000c11ee8c8,0x00000000c2980000)
 Metaspace       used 7173K, capacity 7498K, committed 7680K, reserved 1056768K
  class space    used 752K, capacity 757K, committed 768K, reserved 1048576K
}
Event: 2,418 GC heap before
{Heap before GC invocations=9 (full 0):
 PSYoungGen      total 135168K, used 134300K [0x00000000eab00000, 0x00000000f3b00000, 0x0000000100000000)
  eden space 125952K, 100% used [0x00000000eab00000,0x00000000f2600000,0x00000000f2600000)
  from space 9216K, 90% used [0x00000000f3000000,0x00000000f3827090,0x00000000f3900000)
  to   space 10240K, 0% used [0x00000000f2600000,0x00000000f2600000,0x00000000f3000000)
 ParOldGen       total 42496K, used 18362K [0x00000000c0000000, 0x00000000c2980000, 0x00000000eab00000)
  object space 42496K, 43% used [0x00000000c0000000,0x00000000c11ee8c8,0x00000000c2980000)
 Metaspace       used 7185K, capacity 7498K, committed 7680K, reserved 1056768K
  class space    used 752K, capacity 757K, committed 768K, reserved 1048576K

